app/build/intermediates/manifest_merge_blame_file/debug/manifest-merger-blame-debug-report.txt
1<?xml version="1.0" encoding="utf-8"?>
2<manifest xmlns:android="http://schemas.android.com/apk/res/android"
3    package="com.wifisentinel.app"
4    android:versionCode="1"
5    android:versionName="0.1.0" >
6
7    <uses-sdk
8        android:minSdkVersion="26"
9        android:targetSdkVersion="34" />
10
11    <uses-permission android:name="android.permission.INTERNET" />
11-->src\main\AndroidManifest.xml:2:5-67
11-->src\main\AndroidManifest.xml:2:22-64
12    <uses-permission android:name="android.permission.ACCESS_NETWORK_STATE" />
12-->src\main\AndroidManifest.xml:3:5-79
12-->src\main\AndroidManifest.xml:3:22-76
13    <uses-permission android:name="android.permission.ACCESS_WIFI_STATE" />
13-->src\main\AndroidManifest.xml:4:5-76
13-->src\main\AndroidManifest.xml:4:22-73
14    <uses-permission android:name="android.permission.CHANGE_WIFI_STATE" />
14-->src\main\AndroidManifest.xml:5:5-76
14-->src\main\AndroidManifest.xml:5:22-73
15    <uses-permission android:name="android.permission.FOREGROUND_SERVICE" />
15-->src\main\AndroidManifest.xml:6:5-77
15-->src\main\AndroidManifest.xml:6:22-74
16    <uses-permission android:name="android.permission.FOREGROUND_SERVICE_DATA_SYNC" />
16-->src\main\AndroidManifest.xml:7:5-87
16-->src\main\AndroidManifest.xml:7:22-84
17    <uses-permission
17-->src\main\AndroidManifest.xml:8:5-10:58
18        android:name="android.permission.NEARBY_WIFI_DEVICES"
18-->src\main\AndroidManifest.xml:9:9-62
19        android:usesPermissionFlags="neverForLocation" />
19-->src\main\AndroidManifest.xml:10:9-55
20    <uses-permission android:name="android.permission.ACCESS_FINE_LOCATION" />
20-->src\main\AndroidManifest.xml:11:5-79
20-->src\main\AndroidManifest.xml:11:22-76
21    <uses-permission android:name="android.permission.POST_NOTIFICATIONS" />
21-->src\main\AndroidManifest.xml:12:5-77
21-->src\main\AndroidManifest.xml:12:22-74
22    <uses-permission android:name="android.permission.RECEIVE_BOOT_COMPLETED" />
22-->src\main\AndroidManifest.xml:13:5-81
22-->src\main\AndroidManifest.xml:13:22-78
23    <uses-permission android:name="android.permission.WAKE_LOCK" />
23-->[androidx.work:work-runtime:2.9.0] AndroidManifest.xml:23:5-68
23-->[androidx.work:work-runtime:2.9.0] AndroidManifest.xml:23:22-65
24
25    <permission
25-->[androidx.core:core:1.13.0] AndroidManifest.xml:22:5-24:47
26        android:name="com.wifisentinel.app.DYNAMIC_RECEIVER_NOT_EXPORTED_PERMISSION"
26-->[androidx.core:core:1.13.0] AndroidManifest.xml:23:9-81
27        android:protectionLevel="signature" />
27-->[androidx.core:core:1.13.0] AndroidManifest.xml:24:9-44
28
29    <uses-permission android:name="com.wifisentinel.app.DYNAMIC_RECEIVER_NOT_EXPORTED_PERMISSION" />
29-->[androidx.core:core:1.13.0] AndroidManifest.xml:26:5-97
29-->[androidx.core:core:1.13.0] AndroidManifest.xml:26:22-94
30
31    <application
31-->src\main\AndroidManifest.xml:15:5-58:19
32        android:name="com.wifisentinel.app.WiFiSentinelApplication"
32-->src\main\AndroidManifest.xml:16:9-48
33        android:allowBackup="true"
33-->src\main\AndroidManifest.xml:20:9-35
34        android:appComponentFactory="androidx.core.app.CoreComponentFactory"
34-->[androidx.core:core:1.13.0] AndroidManifest.xml:28:18-86
35        android:debuggable="true"
36        android:extractNativeLibs="false"
37        android:icon="@android:drawable/sym_def_app_icon"
37-->src\main\AndroidManifest.xml:18:9-58
38        android:label="WiFi Sentinel"
38-->src\main\AndroidManifest.xml:17:9-38
39        android:roundIcon="@android:drawable/sym_def_app_icon"
39-->src\main\AndroidManifest.xml:19:9-63
40        android:supportsRtl="true"
40-->src\main\AndroidManifest.xml:21:9-35
41        android:testOnly="true"
42        android:theme="@style/Theme.WiFiSentinel" >
42-->src\main\AndroidManifest.xml:22:9-50
43        <activity
43-->src\main\AndroidManifest.xml:23:9-30:20
44            android:name="com.wifisentinel.app.MainActivity"
44-->src\main\AndroidManifest.xml:24:13-41
45            android:exported="true" >
45-->src\main\AndroidManifest.xml:25:13-36
46            <intent-filter>
46-->src\main\AndroidManifest.xml:26:13-29:29
47                <action android:name="android.intent.action.MAIN" />
47-->src\main\AndroidManifest.xml:27:17-69
47-->src\main\AndroidManifest.xml:27:25-66
48
49                <category android:name="android.intent.category.LAUNCHER" />
49-->src\main\AndroidManifest.xml:28:17-77
49-->src\main\AndroidManifest.xml:28:27-74
50            </intent-filter>
51        </activity>
52
53        <provider
54            android:name="androidx.core.content.FileProvider"
54-->src\main\AndroidManifest.xml:33:13-62
55            android:authorities="com.wifisentinel.app.fileprovider"
55-->src\main\AndroidManifest.xml:34:13-64
56            android:exported="false"
56-->src\main\AndroidManifest.xml:35:13-37
57            android:grantUriPermissions="true" >
57-->src\main\AndroidManifest.xml:36:13-47
58            <meta-data
58-->src\main\AndroidManifest.xml:37:13-39:54
59                android:name="android.support.FILE_PROVIDER_PATHS"
59-->src\main\AndroidManifest.xml:38:17-67
60                android:resource="@xml/file_paths" />
60-->src\main\AndroidManifest.xml:39:17-51
61        </provider>
62
63        <receiver
63-->src\main\AndroidManifest.xml:42:9-44:40
64            android:name="com.wifisentinel.app.notifications.ForgetNetworkReceiver"
64-->src\main\AndroidManifest.xml:43:13-64
65            android:exported="false" />
65-->src\main\AndroidManifest.xml:44:13-37
66
67        <service
67-->src\main\AndroidManifest.xml:46:9-49:56
68            android:name="com.wifisentinel.app.service.AlwaysOnService"
68-->src\main\AndroidManifest.xml:47:13-52
69            android:exported="false"
69-->src\main\AndroidManifest.xml:48:13-37
70            android:foregroundServiceType="dataSync" />
70-->src\main\AndroidManifest.xml:49:13-53
71
72        <receiver
72-->src\main\AndroidManifest.xml:51:9-57:20
73            android:name="com.wifisentinel.app.service.BootReceiver"
73-->src\main\AndroidManifest.xml:52:13-49
74            android:exported="false" >
74-->src\main\AndroidManifest.xml:53:13-37
75            <intent-filter>
75-->src\main\AndroidManifest.xml:54:13-56:29
76                <action android:name="android.intent.action.BOOT_COMPLETED" />
76-->src\main\AndroidManifest.xml:55:17-79
76-->src\main\AndroidManifest.xml:55:25-76
77            </intent-filter>
78        </receiver>
79
80        <activity
80-->[androidx.compose.ui:ui-tooling-android:1.6.1] AndroidManifest.xml:23:9-25:39
81            android:name="androidx.compose.ui.tooling.PreviewActivity"
81-->[androidx.compose.ui:ui-tooling-android:1.6.1] AndroidManifest.xml:24:13-71
82            android:exported="true" />
82-->[androidx.compose.ui:ui-tooling-android:1.6.1] AndroidManifest.xml:25:13-36
83
84        <provider
84-->[androidx.work:work-runtime:2.9.0] AndroidManifest.xml:29:9-37:20
85            android:name="androidx.startup.InitializationProvider"
85-->[androidx.work:work-runtime:2.9.0] AndroidManifest.xml:30:13-67
86            android:authorities="com.wifisentinel.app.androidx-startup"
86-->[androidx.work:work-runtime:2.9.0] AndroidManifest.xml:31:13-68
87            android:exported="false" >
87-->[androidx.work:work-runtime:2.9.0] AndroidManifest.xml:32:13-37
88            <meta-data
88-->[androidx.work:work-runtime:2.9.0] AndroidManifest.xml:34:13-36:52
89                android:name="androidx.work.WorkManagerInitializer"
89-->[androidx.work:work-runtime:2.9.0] AndroidManifest.xml:35:17-68
90                android:value="androidx.startup" />
90-->[androidx.work:work-runtime:2.9.0] AndroidManifest.xml:36:17-49
91            <meta-data
91-->[androidx.emoji2:emoji2:1.3.0] AndroidManifest.xml:29:13-31:52
92                android:name="androidx.emoji2.text.EmojiCompatInitializer"
92-->[androidx.emoji2:emoji2:1.3.0] AndroidManifest.xml:30:17-75
93                android:value="androidx.startup" />
93-->[androidx.emoji2:emoji2:1.3.0] AndroidManifest.xml:31:17-49
94            <meta-data
94-->[androidx.lifecycle:lifecycle-process:2.7.0] AndroidManifest.xml:29:13-31:52
95                android:name="androidx.lifecycle.ProcessLifecycleInitializer"
95-->[androidx.lifecycle:lifecycle-process:2.7.0] AndroidManifest.xml:30:17-78
96                android:value="androidx.startup" />
96-->[androidx.lifecycle:lifecycle-process:2.7.0] AndroidManifest.xml:31:17-49
97            <meta-data
97-->[androidx.profileinstaller:profileinstaller:1.3.1] AndroidManifest.xml:29:13-31:52
98                android:name="androidx.profileinstaller.ProfileInstallerInitializer"
98-->[androidx.profileinstaller:profileinstaller:1.3.1] AndroidManifest.xml:30:17-85
99                android:value="androidx.startup" />
99-->[androidx.profileinstaller:profileinstaller:1.3.1] AndroidManifest.xml:31:17-49
100        </provider>
101
102        <service
102-->[androidx.work:work-runtime:2.9.0] AndroidManifest.xml:39:9-45:35
103            android:name="androidx.work.impl.background.systemalarm.SystemAlarmService"
103-->[androidx.work:work-runtime:2.9.0] AndroidManifest.xml:40:13-88
104            android:directBootAware="false"
104-->[androidx.work:work-runtime:2.9.0] AndroidManifest.xml:41:13-44
105            android:enabled="@bool/enable_system_alarm_service_default"
105-->[androidx.work:work-runtime:2.9.0] AndroidManifest.xml:42:13-72
106            android:exported="false" />
106-->[androidx.work:work-runtime:2.9.0] AndroidManifest.xml:43:13-37
107        <service
107-->[androidx.work:work-runtime:2.9.0] AndroidManifest.xml:46:9-52:35
108            android:name="androidx.work.impl.background.systemjob.SystemJobService"
108-->[androidx.work:work-runtime:2.9.0] AndroidManifest.xml:47:13-84
109            android:directBootAware="false"
109-->[androidx.work:work-runtime:2.9.0] AndroidManifest.xml:48:13-44
110            android:enabled="@bool/enable_system_job_service_default"
110-->[androidx.work:work-runtime:2.9.0] AndroidManifest.xml:49:13-70
111            android:exported="true"
111-->[androidx.work:work-runtime:2.9.0] AndroidManifest.xml:50:13-36
112            android:permission="android.permission.BIND_JOB_SERVICE" />
112-->[androidx.work:work-runtime:2.9.0] AndroidManifest.xml:51:13-69
113        <service
113-->[androidx.work:work-runtime:2.9.0] AndroidManifest.xml:53:9-59:35
114            android:name="androidx.work.impl.foreground.SystemForegroundService"
114-->[androidx.work:work-runtime:2.9.0] AndroidManifest.xml:54:13-81
115            android:directBootAware="false"
115-->[androidx.work:work-runtime:2.9.0] AndroidManifest.xml:55:13-44
116            android:enabled="@bool/enable_system_foreground_service_default"
116-->[androidx.work:work-runtime:2.9.0] AndroidManifest.xml:56:13-77
117            android:exported="false" />
117-->[androidx.work:work-runtime:2.9.0] AndroidManifest.xml:57:13-37
118
119        <receiver
119-->[androidx.work:work-runtime:2.9.0] AndroidManifest.xml:61:9-66:35
120            android:name="androidx.work.impl.utils.ForceStopRunnable$BroadcastReceiver"
120-->[androidx.work:work-runtime:2.9.0] AndroidManifest.xml:62:13-88
121            android:directBootAware="false"
121-->[androidx.work:work-runtime:2.9.0] AndroidManifest.xml:63:13-44
122            android:enabled="true"
122-->[androidx.work:work-runtime:2.9.0] AndroidManifest.xml:64:13-35
123            android:exported="false" />
123-->[androidx.work:work-runtime:2.9.0] AndroidManifest.xml:65:13-37
124        <receiver
124-->[androidx.work:work-runtime:2.9.0] AndroidManifest.xml:67:9-77:20
125            android:name="androidx.work.impl.background.systemalarm.ConstraintProxy$BatteryChargingProxy"
125-->[androidx.work:work-runtime:2.9.0] AndroidManifest.xml:68:13-106
126            android:directBootAware="false"
126-->[androidx.work:work-runtime:2.9.0] AndroidManifest.xml:69:13-44
127            android:enabled="false"
127-->[androidx.work:work-runtime:2.9.0] AndroidManifest.xml:70:13-36
128            android:exported="false" >
128-->[androidx.work:work-runtime:2.9.0] AndroidManifest.xml:71:13-37
129            <intent-filter>
129-->[androidx.work:work-runtime:2.9.0] AndroidManifest.xml:73:13-76:29
130                <action android:name="android.intent.action.ACTION_POWER_CONNECTED" />
130-->[androidx.work:work-runtime:2.9.0] AndroidManifest.xml:74:17-87
130-->[androidx.work:work-runtime:2.9.0] AndroidManifest.xml:74:25-84
131                <action android:name="android.intent.action.ACTION_POWER_DISCONNECTED" />
131-->[androidx.work:work-runtime:2.9.0] AndroidManifest.xml:75:17-90
131-->[androidx.work:work-runtime:2.9.0] AndroidManifest.xml:75:25-87
132            </intent-filter>
133        </receiver>
134        <receiver
134-->[androidx.work:work-runtime:2.9.0] AndroidManifest.xml:78:9-88:20
135            android:name="androidx.work.impl.background.systemalarm.ConstraintProxy$BatteryNotLowProxy"
135-->[androidx.work:work-runtime:2.9.0] AndroidManifest.xml:79:13-104
136            android:directBootAware="false"
136-->[androidx.work:work-runtime:2.9.0] AndroidManifest.xml:80:13-44
137            android:enabled="false"
137-->[androidx.work:work-runtime:2.9.0] AndroidManifest.xml:81:13-36
138            android:exported="false" >
138-->[androidx.work:work-runtime:2.9.0] AndroidManifest.xml:82:13-37
139            <intent-filter>
139-->[androidx.work:work-runtime:2.9.0] AndroidManifest.xml:84:13-87:29
140                <action android:name="android.intent.action.BATTERY_OKAY" />
140-->[androidx.work:work-runtime:2.9.0] AndroidManifest.xml:85:17-77
140-->[androidx.work:work-runtime:2.9.0] AndroidManifest.xml:85:25-74
141                <action android:name="android.intent.action.BATTERY_LOW" />
141-->[androidx.work:work-runtime:2.9.0] AndroidManifest.xml:86:17-76
141-->[androidx.work:work-runtime:2.9.0] AndroidManifest.xml:86:25-73
142            </intent-filter>
143        </receiver>
144        <receiver
144-->[androidx.work:work-runtime:2.9.0] AndroidManifest.xml:89:9-99:20
145            android:name="androidx.work.impl.background.systemalarm.ConstraintProxy$StorageNotLowProxy"
145-->[androidx.work:work-runtime:2.9.0] AndroidManifest.xml:90:13-104
146            android:directBootAware="false"
146-->[androidx.work:work-runtime:2.9.0] AndroidManifest.xml:91:13-44
147            android:enabled="false"
147-->[androidx.work:work-runtime:2.9.0] AndroidManifest.xml:92:13-36
148            android:exported="false" >
148-->[androidx.work:work-runtime:2.9.0] AndroidManifest.xml:93:13-37
149            <intent-filter>
149-->[androidx.work:work-runtime:2.9.0] AndroidManifest.xml:95:13-98:29
150                <action android:name="android.intent.action.DEVICE_STORAGE_LOW" />
150-->[androidx.work:work-runtime:2.9.0] AndroidManifest.xml:96:17-83
150-->[androidx.work:work-runtime:2.9.0] AndroidManifest.xml:96:25-80
151                <action android:name="android.intent.action.DEVICE_STORAGE_OK" />
151-->[androidx.work:work-runtime:2.9.0] AndroidManifest.xml:97:17-82
151-->[androidx.work:work-runtime:2.9.0] AndroidManifest.xml:97:25-79
152            </intent-filter>
153        </receiver>
154        <receiver
154-->[androidx.work:work-runtime:2.9.0] AndroidManifest.xml:100:9-109:20
155            android:name="androidx.work.impl.background.systemalarm.ConstraintProxy$NetworkStateProxy"
155-->[androidx.work:work-runtime:2.9.0] AndroidManifest.xml:101:13-103
156            android:directBootAware="false"
156-->[androidx.work:work-runtime:2.9.0] AndroidManifest.xml:102:13-44
157            android:enabled="false"
157-->[androidx.work:work-runtime:2.9.0] AndroidManifest.xml:103:13-36
158            android:exported="false" >
158-->[androidx.work:work-runtime:2.9.0] AndroidManifest.xml:104:13-37
159            <intent-filter>
159-->[androidx.work:work-runtime:2.9.0] AndroidManifest.xml:106:13-108:29
160                <action android:name="android.net.conn.CONNECTIVITY_CHANGE" />
160-->[androidx.work:work-runtime:2.9.0] AndroidManifest.xml:107:17-79
160-->[androidx.work:work-runtime:2.9.0] AndroidManifest.xml:107:25-76
161            </intent-filter>
162        </receiver>
163        <receiver
163-->[androidx.work:work-runtime:2.9.0] AndroidManifest.xml:110:9-121:20
164            android:name="androidx.work.impl.background.systemalarm.RescheduleReceiver"
164-->[androidx.work:work-runtime:2.9.0] AndroidManifest.xml:111:13-88
165            android:directBootAware="false"
165-->[androidx.work:work-runtime:2.9.0] AndroidManifest.xml:112:13-44
166            android:enabled="false"
166-->[androidx.work:work-runtime:2.9.0] AndroidManifest.xml:113:13-36
167            android:exported="false" >
167-->[androidx.work:work-runtime:2.9.0] AndroidManifest.xml:114:13-37
168            <intent-filter>
168-->[androidx.work:work-runtime:2.9.0] AndroidManifest.xml:116:13-120:29
169                <action android:name="android.intent.action.BOOT_COMPLETED" />
169-->src\main\AndroidManifest.xml:55:17-79
169-->src\main\AndroidManifest.xml:55:25-76
170                <action android:name="android.intent.action.TIME_SET" />
170-->[androidx.work:work-runtime:2.9.0] AndroidManifest.xml:118:17-73
170-->[androidx.work:work-runtime:2.9.0] AndroidManifest.xml:118:25-70
171                <action android:name="android.intent.action.TIMEZONE_CHANGED" />
171-->[androidx.work:work-runtime:2.9.0] AndroidManifest.xml:119:17-81
171-->[androidx.work:work-runtime:2.9.0] AndroidManifest.xml:119:25-78
172            </intent-filter>
173        </receiver>
174        <receiver
174-->[androidx.work:work-runtime:2.9.0] AndroidManifest.xml:122:9-131:20
175            android:name="androidx.work.impl.background.systemalarm.ConstraintProxyUpdateReceiver"
175-->[androidx.work:work-runtime:2.9.0] AndroidManifest.xml:123:13-99
176            android:directBootAware="false"
176-->[androidx.work:work-runtime:2.9.0] AndroidManifest.xml:124:13-44
177            android:enabled="@bool/enable_system_alarm_service_default"
177-->[androidx.work:work-runtime:2.9.0] AndroidManifest.xml:125:13-72
178            android:exported="false" >
178-->[androidx.work:work-runtime:2.9.0] AndroidManifest.xml:126:13-37
179            <intent-filter>
179-->[androidx.work:work-runtime:2.9.0] AndroidManifest.xml:128:13-130:29
180                <action android:name="androidx.work.impl.background.systemalarm.UpdateProxies" />
180-->[androidx.work:work-runtime:2.9.0] AndroidManifest.xml:129:17-98
180-->[androidx.work:work-runtime:2.9.0] AndroidManifest.xml:129:25-95
181            </intent-filter>
182        </receiver>
183        <receiver
183-->[androidx.work:work-runtime:2.9.0] AndroidManifest.xml:132:9-142:20
184            android:name="androidx.work.impl.diagnostics.DiagnosticsReceiver"
184-->[androidx.work:work-runtime:2.9.0] AndroidManifest.xml:133:13-78
185            android:directBootAware="false"
185-->[androidx.work:work-runtime:2.9.0] AndroidManifest.xml:134:13-44
186            android:enabled="true"
186-->[androidx.work:work-runtime:2.9.0] AndroidManifest.xml:135:13-35
187            android:exported="true"
187-->[androidx.work:work-runtime:2.9.0] AndroidManifest.xml:136:13-36
188            android:permission="android.permission.DUMP" >
188-->[androidx.work:work-runtime:2.9.0] AndroidManifest.xml:137:13-57
189            <intent-filter>
189-->[androidx.work:work-runtime:2.9.0] AndroidManifest.xml:139:13-141:29
190                <action android:name="androidx.work.diagnostics.REQUEST_DIAGNOSTICS" />
190-->[androidx.work:work-runtime:2.9.0] AndroidManifest.xml:140:17-88
190-->[androidx.work:work-runtime:2.9.0] AndroidManifest.xml:140:25-85
191            </intent-filter>
192        </receiver>
193
194        <service
194-->[androidx.room:room-runtime:2.6.1] AndroidManifest.xml:24:9-28:63
195            android:name="androidx.room.MultiInstanceInvalidationService"
195-->[androidx.room:room-runtime:2.6.1] AndroidManifest.xml:25:13-74
196            android:directBootAware="true"
196-->[androidx.room:room-runtime:2.6.1] AndroidManifest.xml:26:13-43
197            android:exported="false" />
197-->[androidx.room:room-runtime:2.6.1] AndroidManifest.xml:27:13-37
198
199        <receiver
199-->[androidx.profileinstaller:profileinstaller:1.3.1] AndroidManifest.xml:34:9-52:20
200            android:name="androidx.profileinstaller.ProfileInstallReceiver"
200-->[androidx.profileinstaller:profileinstaller:1.3.1] AndroidManifest.xml:35:13-76
201            android:directBootAware="false"
201-->[androidx.profileinstaller:profileinstaller:1.3.1] AndroidManifest.xml:36:13-44
202            android:enabled="true"
202-->[androidx.profileinstaller:profileinstaller:1.3.1] AndroidManifest.xml:37:13-35
203            android:exported="true"
203-->[androidx.profileinstaller:profileinstaller:1.3.1] AndroidManifest.xml:38:13-36
204            android:permission="android.permission.DUMP" >
204-->[androidx.profileinstaller:profileinstaller:1.3.1] AndroidManifest.xml:39:13-57
205            <intent-filter>
205-->[androidx.profileinstaller:profileinstaller:1.3.1] AndroidManifest.xml:40:13-42:29
206                <action android:name="androidx.profileinstaller.action.INSTALL_PROFILE" />
206-->[androidx.profileinstaller:profileinstaller:1.3.1] AndroidManifest.xml:41:17-91
206-->[androidx.profileinstaller:profileinstaller:1.3.1] AndroidManifest.xml:41:25-88
207            </intent-filter>
208            <intent-filter>
208-->[androidx.profileinstaller:profileinstaller:1.3.1] AndroidManifest.xml:43:13-45:29
209                <action android:name="androidx.profileinstaller.action.SKIP_FILE" />
209-->[androidx.profileinstaller:profileinstaller:1.3.1] AndroidManifest.xml:44:17-85
209-->[androidx.profileinstaller:profileinstaller:1.3.1] AndroidManifest.xml:44:25-82
210            </intent-filter>
211            <intent-filter>
211-->[androidx.profileinstaller:profileinstaller:1.3.1] AndroidManifest.xml:46:13-48:29
212                <action android:name="androidx.profileinstaller.action.SAVE_PROFILE" />
212-->[androidx.profileinstaller:profileinstaller:1.3.1] AndroidManifest.xml:47:17-88
212-->[androidx.profileinstaller:profileinstaller:1.3.1] AndroidManifest.xml:47:25-85
213            </intent-filter>
214            <intent-filter>
214-->[androidx.profileinstaller:profileinstaller:1.3.1] AndroidManifest.xml:49:13-51:29
215                <action android:name="androidx.profileinstaller.action.BENCHMARK_OPERATION" />
215-->[androidx.profileinstaller:profileinstaller:1.3.1] AndroidManifest.xml:50:17-95
215-->[androidx.profileinstaller:profileinstaller:1.3.1] AndroidManifest.xml:50:25-92
216            </intent-filter>
217        </receiver>
218    </application>
219
220</manifest>